2021-12-12 17:57:42 INFO  MainDriver1:19 - Connection to Database was established
2021-12-12 18:09:16 INFO  MainDriver1:19 - Connection to Database was established
2021-12-12 18:10:35 INFO  MainDriver1:20 - Connection to Database was established
2021-12-12 18:12:50 INFO  MainDriver1:20 - Connection to Database was established
2021-12-12 18:34:13 INFO  MainDriver1:27 - Connection to Database was established
2021-12-12 18:35:26 INFO  MainDriver1:28 - Connection to Database was established
2021-12-12 18:36:05 INFO  MainDriver1:28 - Connection to Database was established
2021-12-12 18:38:08 INFO  MainDriver1:33 - Connection to Database was established
2021-12-12 18:38:37 INFO  MainDriver1:33 - Connection to Database was established
2021-12-12 18:40:04 INFO  MainDriver1:33 - Connection to Database was established
2021-12-12 18:41:17 INFO  MainDriver1:33 - Connection to Database was established
2021-12-12 18:42:16 INFO  MainDriver1:27 - Connection to Database was established
2021-12-12 18:43:11 INFO  MainDriver1:27 - Connection to Database was established
2021-12-12 18:43:46 INFO  MainDriver1:27 - Connection to Database was established
2021-12-12 18:44:12 INFO  MainDriver1:27 - Connection to Database was established
2021-12-12 18:44:38 INFO  MainDriver1:27 - Connection to Database was established
2021-12-12 18:45:33 INFO  MainDriver1:27 - Connection to Database was established
2021-12-12 18:48:03 INFO  MainDriver1:27 - Connection to Database was established
2021-12-12 18:50:08 INFO  MainDriver1:27 - Connection to Database was established
2021-12-12 18:51:05 INFO  MainDriver1:27 - Connection to Database was established
2021-12-12 18:51:42 INFO  MainDriver1:27 - Connection to Database was established
2021-12-12 18:57:56 INFO  MainDriver1:27 - Connection to Database was established
2021-12-12 18:58:23 INFO  MainDriver1:27 - Connection to Database was established
2021-12-12 20:11:59 INFO  MainDriver1:27 - Connection to Database was established
2021-12-12 20:12:19 INFO  MainDriver1:27 - Connection to Database was established
2021-12-12 20:14:57 INFO  MainDriver1:27 - Connection to Database was established
2021-12-12 20:18:05 INFO  MainDriver1:27 - Connection to Database was established
2021-12-12 20:19:33 INFO  MainDriver1:27 - Connection to Database was established
2021-12-12 20:19:42 INFO  MainDriver1:27 - Connection to Database was established
2021-12-12 20:21:13 INFO  MainDriver1:27 - Connection to Database was established
2021-12-12 20:21:42 INFO  MainDriver1:27 - Connection to Database was established
2021-12-12 20:32:23 INFO  MainDriver1:27 - Connection to Database was established
2021-12-12 20:34:01 INFO  MainDriver1:27 - Connection to Database was established
2021-12-12 20:34:40 INFO  MainDriver1:27 - Connection to Database was established
2021-12-12 20:38:22 INFO  MainDriver1:27 - Connection to Database was established
2021-12-12 20:42:20 INFO  MainDriver1:27 - Connection to Database was established
2021-12-12 20:43:52 INFO  MainDriver1:27 - Connection to Database was established
2021-12-12 20:45:24 INFO  MainDriver1:27 - Connection to Database was established
2021-12-12 20:46:34 INFO  MainDriver1:27 - Connection to Database was established
2021-12-12 21:04:14 INFO  MainDriver1:27 - Connection to Database was established
2021-12-12 21:05:44 INFO  MainDriver1:27 - Connection to Database was established
2021-12-12 21:07:42 INFO  MainDriver1:27 - Connection to Database was established
2021-12-12 21:07:54 INFO  MainDriver1:27 - Connection to Database was established
2021-12-12 21:08:24 INFO  MainDriver1:27 - Connection to Database was established
2021-12-12 21:09:42 INFO  MainDriver1:27 - Connection to Database was established
2021-12-12 21:10:06 INFO  MainDriver1:27 - Connection to Database was established
2021-12-12 21:11:38 INFO  MainDriver1:27 - Connection to Database was established
2021-12-13 15:12:39 INFO  MainDriver1:27 - Connection to Database was established
2021-12-13 15:13:47 INFO  MainDriver1:27 - Connection to Database was established
2021-12-13 15:16:14 INFO  MainDriver1:27 - Connection to Database was established
2021-12-13 15:16:32 INFO  MainDriver1:27 - Connection to Database was established
2021-12-13 15:17:31 INFO  MainDriver1:27 - Connection to Database was established
2021-12-13 15:59:47 INFO  MainDriver1:22 - Connection to Database was established
2021-12-13 16:18:14 INFO  MainDriver1:22 - Connection to Database was established
2021-12-13 16:25:17 INFO  MainDriver1:22 - Connection to Database was established
2021-12-13 16:26:03 INFO  MainDriver1:22 - Connection to Database was established
2021-12-13 16:26:40 INFO  MainDriver1:22 - Connection to Database was established
2021-12-13 16:31:22 INFO  MainDriver1:22 - Connection to Database was established
2021-12-13 16:37:07 INFO  MainDriver1:22 - Connection to Database was established
2021-12-13 16:45:53 INFO  MainDriver1:22 - Connection to Database was established
2021-12-13 16:47:36 INFO  MainDriver1:22 - Connection to Database was established
2021-12-13 17:03:07 INFO  MainDriver1:22 - Connection to Database was established
2021-12-13 17:03:59 INFO  MainDriver1:22 - Connection to Database was established
2021-12-13 17:14:37 INFO  MainDriver1:22 - Connection to Database was established
2021-12-13 17:16:28 INFO  MainDriver1:22 - Connection to Database was established
2021-12-13 17:17:01 INFO  MainDriver1:22 - Connection to Database was established
2021-12-13 17:33:10 INFO  MainDriver1:22 - Connection to Database was established
2021-12-13 17:35:21 INFO  MainDriver1:22 - Connection to Database was established
2021-12-13 17:36:07 INFO  MainDriver1:22 - Connection to Database was established
2021-12-13 17:37:22 INFO  MainDriver1:22 - Connection to Database was established
2021-12-13 17:37:52 INFO  MainDriver1:22 - Connection to Database was established
2021-12-13 17:41:23 INFO  MainDriver1:22 - Connection to Database was established
2021-12-13 17:43:36 INFO  MainDriver1:22 - Connection to Database was established
2021-12-13 17:44:52 INFO  MainDriver1:22 - Connection to Database was established
2021-12-13 17:46:03 INFO  MainDriver1:22 - Connection to Database was established
2021-12-13 17:46:59 INFO  MainDriver1:22 - Connection to Database was established
2021-12-13 17:47:58 INFO  MainDriver1:22 - Connection to Database was established
2021-12-13 18:37:27 INFO  MainDriver1:22 - Connection to Database was established
2021-12-13 18:38:37 INFO  MainDriver1:22 - Connection to Database was established
2021-12-13 18:39:59 INFO  MainDriver1:22 - Connection to Database was established
2021-12-13 18:42:50 INFO  MainDriver1:22 - Connection to Database was established
2021-12-13 18:47:14 INFO  MainDriver1:22 - Connection to Database was established
2021-12-13 18:52:27 INFO  MainDriver1:22 - Connection to Database was established
2021-12-13 18:56:27 INFO  MainDriver1:22 - Connection to Database was established
2021-12-13 18:57:01 INFO  MainDriver1:22 - Connection to Database was established
2021-12-13 18:58:44 INFO  MainDriver1:22 - Connection to Database was established
2021-12-13 18:59:24 INFO  MainDriver1:22 - Connection to Database was established
2021-12-13 18:59:55 INFO  MainDriver1:22 - Connection to Database was established
2021-12-13 19:00:46 INFO  MainDriver1:22 - Connection to Database was established
2021-12-13 19:04:30 INFO  MainDriver1:22 - Connection to Database was established
2021-12-13 19:05:58 INFO  MainDriver1:22 - Connection to Database was established
2021-12-13 19:07:16 INFO  MainDriver1:22 - Connection to Database was established
2021-12-13 19:08:14 INFO  MainDriver1:22 - Connection to Database was established
2021-12-13 19:09:03 INFO  MainDriver1:22 - Connection to Database was established
2021-12-13 19:10:26 INFO  MainDriver1:22 - Connection to Database was established
2021-12-13 19:12:00 INFO  MainDriver1:22 - Connection to Database was established
2021-12-13 19:14:27 INFO  MainDriver1:22 - Connection to Database was established
2021-12-13 19:18:42 INFO  MainDriver1:22 - Connection to Database was established
2021-12-13 19:19:44 INFO  MainDriver1:22 - Connection to Database was established
2021-12-13 19:22:54 INFO  MainDriver1:22 - Connection to Database was established
2021-12-13 19:27:20 INFO  MainDriver1:22 - Connection to Database was established
2021-12-13 19:29:47 INFO  MainDriver1:22 - Connection to Database was established
2021-12-13 19:38:51 INFO  MainDriver1:22 - Connection to Database was established
2021-12-13 19:41:26 INFO  MainDriver1:22 - Connection to Database was established
2021-12-13 19:43:48 INFO  MainDriver1:22 - Connection to Database was established
2021-12-13 19:45:34 INFO  MainDriver1:22 - Connection to Database was established
2021-12-13 19:46:29 INFO  MainDriver1:22 - Connection to Database was established
2021-12-13 19:47:57 INFO  MainDriver1:22 - Connection to Database was established
2021-12-13 19:48:28 INFO  MainDriver1:22 - Connection to Database was established
2021-12-13 19:54:30 INFO  MainDriver1:22 - Connection to Database was established
2021-12-13 19:55:11 INFO  MainDriver1:22 - Connection to Database was established
2021-12-13 19:59:41 INFO  MainDriver1:22 - Connection to Database was established
2021-12-13 20:01:51 INFO  MainDriver1:22 - Connection to Database was established
2021-12-13 20:04:24 INFO  MainDriver1:22 - Connection to Database was established
2021-12-13 20:06:08 INFO  MainDriver1:22 - Connection to Database was established
2021-12-13 20:06:53 INFO  MainDriver1:22 - Connection to Database was established
2021-12-13 20:09:17 INFO  MainDriver1:22 - Connection to Database was established
2021-12-13 20:09:32 INFO  MainDriver1:22 - Connection to Database was established
2021-12-13 20:10:40 INFO  MainDriver1:22 - Connection to Database was established
2021-12-13 20:11:52 INFO  MainDriver1:22 - Connection to Database was established
2021-12-13 20:13:31 INFO  MainDriver1:22 - Connection to Database was established
2021-12-13 20:16:41 INFO  MainDriver1:22 - Connection to Database was established
2021-12-13 20:17:27 INFO  MainDriver1:22 - Connection to Database was established
2021-12-13 20:19:13 INFO  MainDriver1:22 - Connection to Database was established
2021-12-13 20:20:14 INFO  MainDriver1:22 - Connection to Database was established
2021-12-13 20:24:21 INFO  MainDriver1:22 - Connection to Database was established
2021-12-13 20:26:27 INFO  MainDriver1:22 - Connection to Database was established
2021-12-13 20:27:38 INFO  MainDriver1:22 - Connection to Database was established
2021-12-13 20:28:21 INFO  MainDriver1:22 - Connection to Database was established
2021-12-13 20:30:27 INFO  MainDriver1:22 - Connection to Database was established
2021-12-13 20:36:56 INFO  MainDriver1:22 - Connection to Database was established
2021-12-13 20:38:30 INFO  MainDriver1:22 - Connection to Database was established
2021-12-13 20:38:47 INFO  MainDriver1:22 - Connection to Database was established
2021-12-13 20:41:02 INFO  MainDriver1:22 - Connection to Database was established
2021-12-13 20:41:24 INFO  MainDriver1:22 - Connection to Database was established
2021-12-13 20:42:19 INFO  MainDriver1:22 - Connection to Database was established
2021-12-13 20:43:51 INFO  MainDriver1:22 - Connection to Database was established
2021-12-13 20:45:21 INFO  MainDriver1:22 - Connection to Database was established
2021-12-13 20:45:50 INFO  MainDriver1:22 - Connection to Database was established
2021-12-13 20:45:58 INFO  MainDriver1:22 - Connection to Database was established
2021-12-13 20:46:41 INFO  MainDriver1:22 - Connection to Database was established
2021-12-13 20:48:57 INFO  MainDriver1:22 - Connection to Database was established
2021-12-13 20:50:28 INFO  MainDriver1:22 - Connection to Database was established
2021-12-13 20:51:05 INFO  MainDriver1:22 - Connection to Database was established
2021-12-13 20:51:30 INFO  MainDriver1:22 - Connection to Database was established
2021-12-13 20:52:27 INFO  MainDriver1:22 - Connection to Database was established
2021-12-13 20:53:06 INFO  MainDriver1:22 - Connection to Database was established
2021-12-13 20:53:30 INFO  MainDriver1:22 - Connection to Database was established
2021-12-13 21:11:32 INFO  MainDriver1:22 - Connection to Database was established
2021-12-13 21:11:46 INFO  MainDriver1:22 - Connection to Database was established
2021-12-14 16:42:44 INFO  MainDriver1:25 - Connection to Database was established
2021-12-14 16:44:26 INFO  MainDriver1:25 - Connection to Database was established
2021-12-14 16:44:48 INFO  MainDriver1:25 - Connection to Database was established
2021-12-14 17:10:26 INFO  MainDriver1:25 - Connection to Database was established
2021-12-14 17:10:59 INFO  MainDriver1:25 - Connection to Database was established
2021-12-14 17:13:02 INFO  MainDriver1:25 - Connection to Database was established
2021-12-14 17:17:25 INFO  MainDriver1:25 - Connection to Database was established
2021-12-14 17:27:39 INFO  MainDriver1:28 - Connection to Database was established
2021-12-14 17:27:50 INFO  MainDriver1:28 - Connection to Database was established
2021-12-14 17:28:01 INFO  MainDriver1:28 - Connection to Database was established
2021-12-14 17:33:57 INFO  MainDriver1:28 - Connection to Database was established
2021-12-14 17:35:15 INFO  MainDriver1:28 - Connection to Database was established
2021-12-14 17:36:04 INFO  MainDriver1:28 - Connection to Database was established
2021-12-14 17:37:21 INFO  MainDriver1:29 - Connection to Database was established
2021-12-14 17:47:26 INFO  MainDriver1:29 - Connection to Database was established
2021-12-14 17:47:54 INFO  MainDriver1:29 - Connection to Database was established
2021-12-14 17:54:17 INFO  MainDriver1:29 - Connection to Database was established
2021-12-14 17:56:27 INFO  MainDriver1:29 - Connection to Database was established
2021-12-14 17:58:11 INFO  MainDriver1:29 - Connection to Database was established
2021-12-14 18:00:43 INFO  MainDriver1:29 - Connection to Database was established
2021-12-14 18:02:25 INFO  MainDriver1:29 - Connection to Database was established
2021-12-14 18:04:43 INFO  MainDriver1:29 - Connection to Database was established
2021-12-14 18:05:57 INFO  MainDriver1:29 - Connection to Database was established
2021-12-14 18:09:08 INFO  MainDriver1:29 - Connection to Database was established
2021-12-14 18:10:22 INFO  MainDriver1:29 - Connection to Database was established
2021-12-14 21:38:10 INFO  MainDriver1:29 - Connection to Database was established
2021-12-14 21:39:04 INFO  MainDriver1:29 - Connection to Database was established
2021-12-14 21:40:16 INFO  MainDriver1:29 - Connection to Database was established
2021-12-14 21:41:29 INFO  MainDriver1:29 - Connection to Database was established
2021-12-14 21:47:31 INFO  MainDriver1:29 - Connection to Database was established
2021-12-14 21:49:07 INFO  MainDriver1:29 - Connection to Database was established
2021-12-14 21:51:37 INFO  MainDriver1:29 - Connection to Database was established
2021-12-14 21:58:10 INFO  MainDriver1:29 - Connection to Database was established
2021-12-14 21:59:48 INFO  MainDriver1:29 - Connection to Database was established
2021-12-15 14:41:11 INFO  MainDriver1:24 - Connection to Database was established
2021-12-15 14:46:42 INFO  MainDriver1:24 - Connection to Database was established
2021-12-15 15:08:25 INFO  MainDriver1:24 - Connection to Database was established
2021-12-15 15:08:39 INFO  MainDriver1:24 - Connection to Database was established
2021-12-15 15:26:48 INFO  MainDriver1:24 - Connection to Database was established
2021-12-15 15:27:51 INFO  MainDriver1:24 - Connection to Database was established
2021-12-15 15:29:36 INFO  MainDriver1:24 - Connection to Database was established
2021-12-15 16:30:21 INFO  MainDriver1:24 - Connection to Database was established
2021-12-15 16:31:00 INFO  MainDriver1:24 - Connection to Database was established
2021-12-15 16:34:18 INFO  MainDriver1:24 - Connection to Database was established
2021-12-15 16:37:21 INFO  MainDriver1:24 - Connection to Database was established
2021-12-15 16:43:16 INFO  MainDriver1:24 - Connection to Database was established
2021-12-15 16:44:59 INFO  MainDriver1:24 - Connection to Database was established
2021-12-15 16:46:48 INFO  MainDriver1:24 - Connection to Database was established
2021-12-15 16:48:57 INFO  MainDriver1:24 - Connection to Database was established
2021-12-15 16:49:05 INFO  MainDriver1:24 - Connection to Database was established
2021-12-15 17:35:52 INFO  MainDriver1:24 - Connection to Database was established
2021-12-15 17:38:54 INFO  MainDriver1:24 - Connection to Database was established
2021-12-15 17:40:40 INFO  MainDriver1:24 - Connection to Database was established
2021-12-15 17:51:13 INFO  MainDriver1:24 - Connection to Database was established
2021-12-15 17:53:22 INFO  MainDriver1:24 - Connection to Database was established
2021-12-15 21:35:56 INFO  MainDriver1:24 - Connection to Database was established
2021-12-15 21:39:54 INFO  MainDriver1:24 - Connection to Database was established
2021-12-15 21:42:56 INFO  MainDriver1:24 - Connection to Database was established
2021-12-15 21:44:05 INFO  MainDriver1:24 - Connection to Database was established
2021-12-15 21:46:35 INFO  MainDriver1:24 - Connection to Database was established
2021-12-15 21:48:01 INFO  MainDriver1:24 - Connection to Database was established
2021-12-15 21:49:09 INFO  MainDriver1:24 - Connection to Database was established
2021-12-15 21:52:05 INFO  MainDriver1:24 - Connection to Database was established
2021-12-15 22:07:03 INFO  MainDriver1:24 - Connection to Database was established
2021-12-15 22:13:53 INFO  MainDriver1:24 - Connection to Database was established
2021-12-15 22:15:06 INFO  MainDriver1:24 - Connection to Database was established
2021-12-15 22:19:25 INFO  MainDriver1:24 - Connection to Database was established
2021-12-15 22:20:13 INFO  MainDriver1:24 - Connection to Database was established
2021-12-15 22:27:24 INFO  MainDriver1:24 - Connection to Database was established
2021-12-15 22:28:27 INFO  MainDriver1:24 - Connection to Database was established
2021-12-15 22:30:46 INFO  MainDriver1:24 - Connection to Database was established
2021-12-15 22:47:14 INFO  MainDriver1:24 - Connection to Database was established
2021-12-15 22:48:09 INFO  MainDriver1:24 - Connection to Database was established
2021-12-15 22:49:20 INFO  MainDriver1:24 - Connection to Database was established
2021-12-15 22:50:35 INFO  MainDriver1:24 - Connection to Database was established
2021-12-15 22:50:40 INFO  MainDriver1:24 - Connection to Database was established
2021-12-15 22:51:47 INFO  MainDriver1:24 - Connection to Database was established
2021-12-15 22:52:15 INFO  MainDriver1:24 - Connection to Database was established
2021-12-15 22:53:05 INFO  MainDriver1:24 - Connection to Database was established
2021-12-15 22:53:49 INFO  MainDriver1:24 - Connection to Database was established
2021-12-15 22:54:27 INFO  MainDriver1:24 - Connection to Database was established
2021-12-21 22:13:13 INFO  MainDriver1:26 - Connection to Database was established
2021-12-21 22:23:32 INFO  MainDriver1:26 - Connection to Database was established
2021-12-21 22:23:33 INFO  MainDriver1:35 - App has started on port 7001
2021-12-21 22:23:50 INFO  MainDriver1:26 - Connection to Database was established
2021-12-21 22:23:51 INFO  MainDriver1:35 - App has started on port 7001
2021-12-21 22:24:24 INFO  MainDriver1:60 - emp1 has logged in.
2021-12-21 22:24:52 INFO  MainDriver1:81 - Ticket was created for emp1 claiming $483.12 for FOOD
2021-12-21 22:25:07 INFO  MainDriver1:81 - Ticket was created for emp1 claiming $50.43 for GAS
2021-12-21 22:25:38 INFO  MainDriver1:114 - personal settings were changed
2021-12-21 22:26:05 INFO  MainDriver1:125 - password settings were changed
2021-12-21 22:26:21 INFO  MainDriver1:125 - password settings were changed
2021-12-21 22:26:29 INFO  MainDriver1:125 - password settings were changed
2021-12-21 22:26:40 INFO  MainDriver1:60 - admin has logged in.
2021-12-21 22:26:50 INFO  MainDriver1:112 - Ticket #1919 was approved by admin
2021-12-21 22:27:52 INFO  MainDriver1:121 - Ticket #1914 was denied by admin
2021-12-21 22:27:59 INFO  MainDriver1:60 - emp3 has logged in.
2021-12-21 22:28:16 INFO  MainDriver1:81 - Ticket was created for emp3 claiming $98.11 for TRAVEL
2021-12-21 22:28:29 INFO  MainDriver1:81 - Ticket was created for emp3 claiming $62.12 for LODGINGS
2021-12-21 22:28:43 INFO  MainDriver1:130 - Ticket #1922 was deleted by emp3
